# JRE version: OpenJDK Runtime Environment (8.0_202) (build 1.8.0_202-release-1483-b49-5587405)
# Java VM: OpenJDK 64-Bit Server VM (25.202-b49-5587405 mixed mode linux-amd64 compressed oops)
Heap:
 PSYoungGen      total 386048K, used 27640K [0x00000000e0000000, 0x00000000f9400000, 0x0000000100000000)
  eden space 358400K, 0% used [0x00000000e0000000,0x00000000e0000000,0x00000000f5e00000)
  from space 27648K, 99% used [0x00000000f5e00000,0x00000000f78fe1b0,0x00000000f7900000)
  to   space 19456K, 0% used [0x00000000f8100000,0x00000000f8100000,0x00000000f9400000)
 ParOldGen       total 102400K, used 86639K [0x00000000a0000000, 0x00000000a6400000, 0x00000000e0000000)
  object space 102400K, 84% used [0x00000000a0000000,0x00000000a549bea8,0x00000000a6400000)
 Metaspace       used 82853K, capacity 86210K, committed 86440K, reserved 1124352K
  class space    used 10686K, capacity 11374K, committed 11432K, reserved 1048576K
GC Heap History (10 events):
Event: 99,221 GC heap after
Heap after GC invocations=16 (full 3):
 PSYoungGen      total 226816K, used 19434K [0x00000000e0000000, 0x00000000f4600000, 0x0000000100000000)
  eden space 207360K, 0% used [0x00000000e0000000,0x00000000e0000000,0x00000000eca80000)
  from space 19456K, 99% used [0x00000000eca80000,0x00000000edd7a928,0x00000000edd80000)
  to   space 23552K, 0% used [0x00000000f2f00000,0x00000000f2f00000,0x00000000f4600000)
 ParOldGen       total 65024K, used 39448K [0x00000000a0000000, 0x00000000a3f80000, 0x00000000e0000000)
  object space 65024K, 60% used [0x00000000a0000000,0x00000000a2686198,0x00000000a3f80000)
 Metaspace       used 62871K, capacity 64778K, committed 65064K, reserved 1105920K
  class space    used 8425K, capacity 8883K, committed 9000K, reserved 1048576K
}
Event: 125,269 GC heap before
{Heap before GC invocations=17 (full 3):
 PSYoungGen      total 226816K, used 226794K [0x00000000e0000000, 0x00000000f4600000, 0x0000000100000000)
  eden space 207360K, 100% used [0x00000000e0000000,0x00000000eca80000,0x00000000eca80000)
  from space 19456K, 99% used [0x00000000eca80000,0x00000000edd7a928,0x00000000edd80000)
  to   space 23552K, 0% used [0x00000000f2f00000,0x00000000f2f00000,0x00000000f4600000)
 ParOldGen       total 65024K, used 39448K [0x00000000a0000000, 0x00000000a3f80000, 0x00000000e0000000)
  object space 65024K, 60% used [0x00000000a0000000,0x00000000a2686198,0x00000000a3f80000)
 Metaspace       used 69675K, capacity 72046K, committed 72104K, reserved 1112064K
  class space    used 9358K, capacity 9881K, committed 9896K, reserved 1048576K
Event: 125,384 GC heap after
Heap after GC invocations=17 (full 3):
 PSYoungGen      total 304128K, used 21366K [0x00000000e0000000, 0x00000000f4600000, 0x0000000100000000)
  eden space 280576K, 0% used [0x00000000e0000000,0x00000000e0000000,0x00000000f1200000)
  from space 23552K, 90% used [0x00000000f2f00000,0x00000000f43dd818,0x00000000f4600000)
  to   space 26624K, 0% used [0x00000000f1200000,0x00000000f1200000,0x00000000f2c00000)
 ParOldGen       total 65024K, used 56694K [0x00000000a0000000, 0x00000000a3f80000, 0x00000000e0000000)
  object space 65024K, 87% used [0x00000000a0000000,0x00000000a375da90,0x00000000a3f80000)
 Metaspace       used 69675K, capacity 72046K, committed 72104K, reserved 1112064K
  class space    used 9358K, capacity 9881K, committed 9896K, reserved 1048576K
}
Event: 125,384 GC heap before
{Heap before GC invocations=18 (full 4):
 PSYoungGen      total 304128K, used 21366K [0x00000000e0000000, 0x00000000f4600000, 0x0000000100000000)
  eden space 280576K, 0% used [0x00000000e0000000,0x00000000e0000000,0x00000000f1200000)
  from space 23552K, 90% used [0x00000000f2f00000,0x00000000f43dd818,0x00000000f4600000)
  to   space 26624K, 0% used [0x00000000f1200000,0x00000000f1200000,0x00000000f2c00000)
 ParOldGen       total 65024K, used 56694K [0x00000000a0000000, 0x00000000a3f80000, 0x00000000e0000000)
  object space 65024K, 87% used [0x00000000a0000000,0x00000000a375da90,0x00000000a3f80000)
 Metaspace       used 69675K, capacity 72046K, committed 72104K, reserved 1112064K
  class space    used 9358K, capacity 9881K, committed 9896K, reserved 1048576K
Event: 126,046 GC heap after
Heap after GC invocations=18 (full 4):
 PSYoungGen      total 304128K, used 1774K [0x00000000e0000000, 0x00000000f4600000, 0x0000000100000000)
  eden space 280576K, 0% used [0x00000000e0000000,0x00000000e0000000,0x00000000f1200000)
  from space 23552K, 7% used [0x00000000f2f00000,0x00000000f30bb8a0,0x00000000f4600000)
  to   space 26624K, 0% used [0x00000000f1200000,0x00000000f1200000,0x00000000f2c00000)
 ParOldGen       total 102400K, used 64919K [0x00000000a0000000, 0x00000000a6400000, 0x00000000e0000000)
  object space 102400K, 63% used [0x00000000a0000000,0x00000000a3f65e28,0x00000000a6400000)
 Metaspace       used 69649K, capacity 71970K, committed 72104K, reserved 1112064K
  class space    used 9350K, capacity 9867K, committed 9896K, reserved 1048576K
}
Event: 1037,434 GC heap before
{Heap before GC invocations=19 (full 4):
 PSYoungGen      total 304128K, used 282350K [0x00000000e0000000, 0x00000000f4600000, 0x0000000100000000)
  eden space 280576K, 100% used [0x00000000e0000000,0x00000000f1200000,0x00000000f1200000)
  from space 23552K, 7% used [0x00000000f2f00000,0x00000000f30bb8a0,0x00000000f4600000)
  to   space 26624K, 0% used [0x00000000f1200000,0x00000000f1200000,0x00000000f2c00000)
 ParOldGen       total 102400K, used 64919K [0x00000000a0000000, 0x00000000a6400000, 0x00000000e0000000)
  object space 102400K, 63% used [0x00000000a0000000,0x00000000a3f65e28,0x00000000a6400000)
 Metaspace       used 78833K, capacity 82202K, committed 82472K, reserved 1120256K
  class space    used 10317K, capacity 11010K, committed 11048K, reserved 1048576K
Event: 1041,028 GC heap after
Heap after GC invocations=19 (full 4):
 PSYoungGen      total 307200K, used 20393K [0x00000000e0000000, 0x00000000f9d00000, 0x0000000100000000)
  eden space 280576K, 0% used [0x00000000e0000000,0x00000000e0000000,0x00000000f1200000)
  from space 26624K, 76% used [0x00000000f1200000,0x00000000f25ea4c0,0x00000000f2c00000)
  to   space 28672K, 0% used [0x00000000f8100000,0x00000000f8100000,0x00000000f9d00000)
 ParOldGen       total 102400K, used 66781K [0x00000000a0000000, 0x00000000a6400000, 0x00000000e0000000)
  object space 102400K, 65% used [0x00000000a0000000,0x00000000a4137658,0x00000000a6400000)
 Metaspace       used 78833K, capacity 82202K, committed 82472K, reserved 1120256K
  class space    used 10317K, capacity 11010K, committed 11048K, reserved 1048576K
}
Event: 1071,850 GC heap before
{Heap before GC invocations=20 (full 4):
 PSYoungGen      total 307200K, used 300969K [0x00000000e0000000, 0x00000000f9d00000, 0x0000000100000000)
  eden space 280576K, 100% used [0x00000000e0000000,0x00000000f1200000,0x00000000f1200000)
  from space 26624K, 76% used [0x00000000f1200000,0x00000000f25ea4c0,0x00000000f2c00000)
  to   space 28672K, 0% used [0x00000000f8100000,0x00000000f8100000,0x00000000f9d00000)
 ParOldGen       total 102400K, used 66781K [0x00000000a0000000, 0x00000000a6400000, 0x00000000e0000000)
  object space 102400K, 65% used [0x00000000a0000000,0x00000000a4137658,0x00000000a6400000)
 Metaspace       used 82822K, capacity 86204K, committed 86440K, reserved 1124352K
  class space    used 10684K, capacity 11373K, committed 11432K, reserved 1048576K
Event: 1072,014 GC heap after
Heap after GC invocations=20 (full 4):
 PSYoungGen      total 377856K, used 12548K [0x00000000e0000000, 0x00000000f9400000, 0x0000000100000000)
  eden space 358400K, 0% used [0x00000000e0000000,0x00000000e0000000,0x00000000f5e00000)
  from space 19456K, 64% used [0x00000000f8100000,0x00000000f8d41250,0x00000000f9400000)
  to   space 27648K, 0% used [0x00000000f5e00000,0x00000000f5e00000,0x00000000f7900000)
 ParOldGen       total 102400K, used 81025K [0x00000000a0000000, 0x00000000a6400000, 0x00000000e0000000)
  object space 102400K, 79% used [0x00000000a0000000,0x00000000a4f206f8,0x00000000a6400000)
 Metaspace       used 82822K, capacity 86204K, committed 86440K, reserved 1124352K
  class space    used 10684K, capacity 11373K, committed 11432K, reserved 1048576K
}
Event: 1078,404 GC heap before
{Heap before GC invocations=21 (full 4):
 PSYoungGen      total 377856K, used 370948K [0x00000000e0000000, 0x00000000f9400000, 0x0000000100000000)
  eden space 358400K, 100% used [0x00000000e0000000,0x00000000f5e00000,0x00000000f5e00000)
  from space 19456K, 64% used [0x00000000f8100000,0x00000000f8d41250,0x00000000f9400000)
  to   space 27648K, 0% used [0x00000000f5e00000,0x00000000f5e00000,0x00000000f7900000)
 ParOldGen       total 102400K, used 81025K [0x00000000a0000000, 0x00000000a6400000, 0x00000000e0000000)
  object space 102400K, 79% used [0x00000000a0000000,0x00000000a4f206f8,0x00000000a6400000)
 Metaspace       used 82853K, capacity 86210K, committed 86440K, reserved 1124352K
  class space    used 10686K, capacity 11374K, committed 11432K, reserved 1048576K

