# JRE version: OpenJDK Runtime Environment (8.0_202) (build 1.8.0_202-release-1483-b49-5587405)
# Java VM: OpenJDK 64-Bit Server VM (25.202-b49-5587405 mixed mode linux-amd64 compressed oops)
Heap:
 PSYoungGen      total 73728K, used 12284K [0x00000000f6900000, 0x00000000fc180000, 0x0000000100000000)
  eden space 61440K, 0% used [0x00000000f6900000,0x00000000f6900000,0x00000000fa500000)
  from space 12288K, 99% used [0x00000000fb580000,0x00000000fc17f238,0x00000000fc180000)
  to   space 7168K, 0% used [0x00000000fa500000,0x00000000fa500000,0x00000000fac00000)
 ParOldGen       total 50176K, used 23570K [0x00000000e3a00000, 0x00000000e6b00000, 0x00000000f6900000)
  object space 50176K, 46% used [0x00000000e3a00000,0x00000000e5104bf8,0x00000000e6b00000)
 Metaspace       used 38394K, capacity 39043K, committed 39424K, reserved 1083392K
  class space    used 4815K, capacity 4995K, committed 5120K, reserved 1048576K
GC Heap History (10 events):
Event: 4,723 GC heap after
Heap after GC invocations=7 (full 0):
 PSYoungGen      total 37376K, used 5389K [0x00000000f6900000, 0x00000000fb300000, 0x0000000100000000)
  eden space 31744K, 0% used [0x00000000f6900000,0x00000000f6900000,0x00000000f8800000)
  from space 5632K, 95% used [0x00000000f8800000,0x00000000f8d43560,0x00000000f8d80000)
  to   space 6144K, 0% used [0x00000000fad00000,0x00000000fad00000,0x00000000fb300000)
 ParOldGen       total 20480K, used 11301K [0x00000000e3a00000, 0x00000000e4e00000, 0x00000000f6900000)
  object space 20480K, 55% used [0x00000000e3a00000,0x00000000e4509460,0x00000000e4e00000)
 Metaspace       used 20705K, capacity 21118K, committed 21296K, reserved 1069056K
  class space    used 2455K, capacity 2617K, committed 2688K, reserved 1048576K
}
Event: 4,723 GC heap before
{Heap before GC invocations=8 (full 1):
 PSYoungGen      total 37376K, used 5389K [0x00000000f6900000, 0x00000000fb300000, 0x0000000100000000)
  eden space 31744K, 0% used [0x00000000f6900000,0x00000000f6900000,0x00000000f8800000)
  from space 5632K, 95% used [0x00000000f8800000,0x00000000f8d43560,0x00000000f8d80000)
  to   space 6144K, 0% used [0x00000000fad00000,0x00000000fad00000,0x00000000fb300000)
 ParOldGen       total 20480K, used 11301K [0x00000000e3a00000, 0x00000000e4e00000, 0x00000000f6900000)
  object space 20480K, 55% used [0x00000000e3a00000,0x00000000e4509460,0x00000000e4e00000)
 Metaspace       used 20705K, capacity 21118K, committed 21296K, reserved 1069056K
  class space    used 2455K, capacity 2617K, committed 2688K, reserved 1048576K
Event: 4,795 GC heap after
Heap after GC invocations=8 (full 1):
 PSYoungGen      total 37376K, used 0K [0x00000000f6900000, 0x00000000fb300000, 0x0000000100000000)
  eden space 31744K, 0% used [0x00000000f6900000,0x00000000f6900000,0x00000000f8800000)
  from space 5632K, 0% used [0x00000000f8800000,0x00000000f8800000,0x00000000f8d80000)
  to   space 6144K, 0% used [0x00000000fad00000,0x00000000fad00000,0x00000000fb300000)
 ParOldGen       total 29696K, used 13418K [0x00000000e3a00000, 0x00000000e5700000, 0x00000000f6900000)
  object space 29696K, 45% used [0x00000000e3a00000,0x00000000e471ab60,0x00000000e5700000)
 Metaspace       used 20705K, capacity 21118K, committed 21296K, reserved 1069056K
  class space    used 2455K, capacity 2617K, committed 2688K, reserved 1048576K
}
Event: 6,161 GC heap before
{Heap before GC invocations=9 (full 1):
 PSYoungGen      total 37376K, used 31744K [0x00000000f6900000, 0x00000000fb300000, 0x0000000100000000)
  eden space 31744K, 100% used [0x00000000f6900000,0x00000000f8800000,0x00000000f8800000)
  from space 5632K, 0% used [0x00000000f8800000,0x00000000f8800000,0x00000000f8d80000)
  to   space 6144K, 0% used [0x00000000fad00000,0x00000000fad00000,0x00000000fb300000)
 ParOldGen       total 29696K, used 13418K [0x00000000e3a00000, 0x00000000e5700000, 0x00000000f6900000)
  object space 29696K, 45% used [0x00000000e3a00000,0x00000000e471ab60,0x00000000e5700000)
 Metaspace       used 23151K, capacity 23652K, committed 23936K, reserved 1071104K
  class space    used 2784K, capacity 2922K, committed 2944K, reserved 1048576K
Event: 6,179 GC heap after
Heap after GC invocations=9 (full 1):
 PSYoungGen      total 55296K, used 6125K [0x00000000f6900000, 0x00000000fb300000, 0x0000000100000000)
  eden space 49152K, 0% used [0x00000000f6900000,0x00000000f6900000,0x00000000f9900000)
  from space 6144K, 99% used [0x00000000fad00000,0x00000000fb2fb748,0x00000000fb300000)
  to   space 7168K, 0% used [0x00000000fa500000,0x00000000fa500000,0x00000000fac00000)
 ParOldGen       total 29696K, used 13895K [0x00000000e3a00000, 0x00000000e5700000, 0x00000000f6900000)
  object space 29696K, 46% used [0x00000000e3a00000,0x00000000e4791c50,0x00000000e5700000)
 Metaspace       used 23151K, capacity 23652K, committed 23936K, reserved 1071104K
  class space    used 2784K, capacity 2922K, committed 2944K, reserved 1048576K
}
Event: 7,874 GC heap before
{Heap before GC invocations=10 (full 1):
 PSYoungGen      total 55296K, used 55277K [0x00000000f6900000, 0x00000000fb300000, 0x0000000100000000)
  eden space 49152K, 100% used [0x00000000f6900000,0x00000000f9900000,0x00000000f9900000)
  from space 6144K, 99% used [0x00000000fad00000,0x00000000fb2fb748,0x00000000fb300000)
  to   space 7168K, 0% used [0x00000000fa500000,0x00000000fa500000,0x00000000fac00000)
 ParOldGen       total 29696K, used 13895K [0x00000000e3a00000, 0x00000000e5700000, 0x00000000f6900000)
  object space 29696K, 46% used [0x00000000e3a00000,0x00000000e4791c50,0x00000000e5700000)
 Metaspace       used 31633K, capacity 32116K, committed 32384K, reserved 1077248K
  class space    used 4034K, capacity 4178K, committed 4224K, reserved 1048576K
Event: 7,921 GC heap after
Heap after GC invocations=10 (full 1):
 PSYoungGen      total 68608K, used 7162K [0x00000000f6900000, 0x00000000fc180000, 0x0000000100000000)
  eden space 61440K, 0% used [0x00000000f6900000,0x00000000f6900000,0x00000000fa500000)
  from space 7168K, 99% used [0x00000000fa500000,0x00000000fabfe9e0,0x00000000fac00000)
  to   space 12288K, 0% used [0x00000000fb580000,0x00000000fb580000,0x00000000fc180000)
 ParOldGen       total 29696K, used 23925K [0x00000000e3a00000, 0x00000000e5700000, 0x00000000f6900000)
  object space 29696K, 80% used [0x00000000e3a00000,0x00000000e515d610,0x00000000e5700000)
 Metaspace       used 31633K, capacity 32116K, committed 32384K, reserved 1077248K
  class space    used 4034K, capacity 4178K, committed 4224K, reserved 1048576K
}
Event: 7,921 GC heap before
{Heap before GC invocations=11 (full 2):
 PSYoungGen      total 68608K, used 7162K [0x00000000f6900000, 0x00000000fc180000, 0x0000000100000000)
  eden space 61440K, 0% used [0x00000000f6900000,0x00000000f6900000,0x00000000fa500000)
  from space 7168K, 99% used [0x00000000fa500000,0x00000000fabfe9e0,0x00000000fac00000)
  to   space 12288K, 0% used [0x00000000fb580000,0x00000000fb580000,0x00000000fc180000)
 ParOldGen       total 29696K, used 23925K [0x00000000e3a00000, 0x00000000e5700000, 0x00000000f6900000)
  object space 29696K, 80% used [0x00000000e3a00000,0x00000000e515d610,0x00000000e5700000)
 Metaspace       used 31633K, capacity 32116K, committed 32384K, reserved 1077248K
  class space    used 4034K, capacity 4178K, committed 4224K, reserved 1048576K
Event: 8,101 GC heap after
Heap after GC invocations=11 (full 2):
 PSYoungGen      total 68608K, used 0K [0x00000000f6900000, 0x00000000fc180000, 0x0000000100000000)
  eden space 61440K, 0% used [0x00000000f6900000,0x00000000f6900000,0x00000000fa500000)
  from space 7168K, 0% used [0x00000000fa500000,0x00000000fa500000,0x00000000fac00000)
  to   space 12288K, 0% used [0x00000000fb580000,0x00000000fb580000,0x00000000fc180000)
 ParOldGen       total 50176K, used 22615K [0x00000000e3a00000, 0x00000000e6b00000, 0x00000000f6900000)
  object space 50176K, 45% used [0x00000000e3a00000,0x00000000e5015ea0,0x00000000e6b00000)
 Metaspace       used 31633K, capacity 32116K, committed 32384K, reserved 1077248K
  class space    used 4034K, capacity 4178K, committed 4224K, reserved 1048576K
}
Event: 12,446 GC heap before
{Heap before GC invocations=12 (full 2):
 PSYoungGen      total 68608K, used 61440K [0x00000000f6900000, 0x00000000fc180000, 0x0000000100000000)
  eden space 61440K, 100% used [0x00000000f6900000,0x00000000fa500000,0x00000000fa500000)
  from space 7168K, 0% used [0x00000000fa500000,0x00000000fa500000,0x00000000fac00000)
  to   space 12288K, 0% used [0x00000000fb580000,0x00000000fb580000,0x00000000fc180000)
 ParOldGen       total 50176K, used 22615K [0x00000000e3a00000, 0x00000000e6b00000, 0x00000000f6900000)
  object space 50176K, 45% used [0x00000000e3a00000,0x00000000e5015ea0,0x00000000e6b00000)
 Metaspace       used 38394K, capacity 39043K, committed 39424K, reserved 1083392K
  class space    used 4815K, capacity 4995K, committed 5120K, reserved 1048576K

