# JRE version: OpenJDK Runtime Environment (8.0_202) (build 1.8.0_202-release-1483-b49-5587405)
# Java VM: OpenJDK 64-Bit Server VM (25.202-b49-5587405 mixed mode linux-amd64 compressed oops)
Heap:
 PSYoungGen      total 58368K, used 7650K [0x00000000f6900000, 0x00000000fb300000, 0x0000000100000000)
  eden space 50688K, 0% used [0x00000000f6900000,0x00000000f6900000,0x00000000f9a80000)
  from space 7680K, 99% used [0x00000000fa400000,0x00000000fab78918,0x00000000fab80000)
  to   space 6144K, 0% used [0x00000000fad00000,0x00000000fad00000,0x00000000fb300000)
 ParOldGen       total 27648K, used 22306K [0x00000000e3a00000, 0x00000000e5500000, 0x00000000f6900000)
  object space 27648K, 80% used [0x00000000e3a00000,0x00000000e4fc8ae0,0x00000000e5500000)
 Metaspace       used 31839K, capacity 32355K, committed 32640K, reserved 1077248K
  class space    used 4044K, capacity 4210K, committed 4224K, reserved 1048576K
GC Heap History (10 events):
Event: 3,907 GC heap after
Heap after GC invocations=5 (full 0):
 PSYoungGen      total 17408K, used 1006K [0x00000000f6900000, 0x00000000f9200000, 0x0000000100000000)
  eden space 16384K, 0% used [0x00000000f6900000,0x00000000f6900000,0x00000000f7900000)
  from space 1024K, 98% used [0x00000000f7900000,0x00000000f79fb970,0x00000000f7a00000)
  to   space 4608K, 0% used [0x00000000f8d80000,0x00000000f8d80000,0x00000000f9200000)
 ParOldGen       total 20480K, used 10611K [0x00000000e3a00000, 0x00000000e4e00000, 0x00000000f6900000)
  object space 20480K, 51% used [0x00000000e3a00000,0x00000000e445cd98,0x00000000e4e00000)
 Metaspace       used 12620K, capacity 12862K, committed 13056K, reserved 1060864K
  class space    used 1426K, capacity 1525K, committed 1536K, reserved 1048576K
}
Event: 4,890 GC heap before
{Heap before GC invocations=6 (full 0):
 PSYoungGen      total 17408K, used 17390K [0x00000000f6900000, 0x00000000f9200000, 0x0000000100000000)
  eden space 16384K, 100% used [0x00000000f6900000,0x00000000f7900000,0x00000000f7900000)
  from space 1024K, 98% used [0x00000000f7900000,0x00000000f79fb970,0x00000000f7a00000)
  to   space 4608K, 0% used [0x00000000f8d80000,0x00000000f8d80000,0x00000000f9200000)
 ParOldGen       total 20480K, used 10611K [0x00000000e3a00000, 0x00000000e4e00000, 0x00000000f6900000)
  object space 20480K, 51% used [0x00000000e3a00000,0x00000000e445cd98,0x00000000e4e00000)
 Metaspace       used 16160K, capacity 16488K, committed 16640K, reserved 1064960K
  class space    used 1900K, capacity 2008K, committed 2048K, reserved 1048576K
Event: 4,912 GC heap after
Heap after GC invocations=6 (full 0):
 PSYoungGen      total 36352K, used 4582K [0x00000000f6900000, 0x00000000f9400000, 0x0000000100000000)
  eden space 31744K, 0% used [0x00000000f6900000,0x00000000f6900000,0x00000000f8800000)
  from space 4608K, 99% used [0x00000000f8d80000,0x00000000f91f9800,0x00000000f9200000)
  to   space 5632K, 0% used [0x00000000f8800000,0x00000000f8800000,0x00000000f8d80000)
 ParOldGen       total 20480K, used 11007K [0x00000000e3a00000, 0x00000000e4e00000, 0x00000000f6900000)
  object space 20480K, 53% used [0x00000000e3a00000,0x00000000e44bfc08,0x00000000e4e00000)
 Metaspace       used 16160K, capacity 16488K, committed 16640K, reserved 1064960K
  class space    used 1900K, capacity 2008K, committed 2048K, reserved 1048576K
}
Event: 5,841 GC heap before
{Heap before GC invocations=7 (full 0):
 PSYoungGen      total 36352K, used 21314K [0x00000000f6900000, 0x00000000f9400000, 0x0000000100000000)
  eden space 31744K, 52% used [0x00000000f6900000,0x00000000f7957068,0x00000000f8800000)
  from space 4608K, 99% used [0x00000000f8d80000,0x00000000f91f9800,0x00000000f9200000)
  to   space 5632K, 0% used [0x00000000f8800000,0x00000000f8800000,0x00000000f8d80000)
 ParOldGen       total 20480K, used 11007K [0x00000000e3a00000, 0x00000000e4e00000, 0x00000000f6900000)
  object space 20480K, 53% used [0x00000000e3a00000,0x00000000e44bfc08,0x00000000e4e00000)
 Metaspace       used 20748K, capacity 21122K, committed 21296K, reserved 1069056K
  class space    used 2462K, capacity 2617K, committed 2688K, reserved 1048576K
Event: 5,863 GC heap after
Heap after GC invocations=7 (full 0):
 PSYoungGen      total 37376K, used 5528K [0x00000000f6900000, 0x00000000fb300000, 0x0000000100000000)
  eden space 31744K, 0% used [0x00000000f6900000,0x00000000f6900000,0x00000000f8800000)
  from space 5632K, 98% used [0x00000000f8800000,0x00000000f8d66090,0x00000000f8d80000)
  to   space 6144K, 0% used [0x00000000fad00000,0x00000000fad00000,0x00000000fb300000)
 ParOldGen       total 20480K, used 11257K [0x00000000e3a00000, 0x00000000e4e00000, 0x00000000f6900000)
  object space 20480K, 54% used [0x00000000e3a00000,0x00000000e44fe598,0x00000000e4e00000)
 Metaspace       used 20748K, capacity 21122K, committed 21296K, reserved 1069056K
  class space    used 2462K, capacity 2617K, committed 2688K, reserved 1048576K
}
Event: 5,863 GC heap before
{Heap before GC invocations=8 (full 1):
 PSYoungGen      total 37376K, used 5528K [0x00000000f6900000, 0x00000000fb300000, 0x0000000100000000)
  eden space 31744K, 0% used [0x00000000f6900000,0x00000000f6900000,0x00000000f8800000)
  from space 5632K, 98% used [0x00000000f8800000,0x00000000f8d66090,0x00000000f8d80000)
  to   space 6144K, 0% used [0x00000000fad00000,0x00000000fad00000,0x00000000fb300000)
 ParOldGen       total 20480K, used 11257K [0x00000000e3a00000, 0x00000000e4e00000, 0x00000000f6900000)
  object space 20480K, 54% used [0x00000000e3a00000,0x00000000e44fe598,0x00000000e4e00000)
 Metaspace       used 20748K, capacity 21122K, committed 21296K, reserved 1069056K
  class space    used 2462K, capacity 2617K, committed 2688K, reserved 1048576K
Event: 5,946 GC heap after
Heap after GC invocations=8 (full 1):
 PSYoungGen      total 37376K, used 0K [0x00000000f6900000, 0x00000000fb300000, 0x0000000100000000)
  eden space 31744K, 0% used [0x00000000f6900000,0x00000000f6900000,0x00000000f8800000)
  from space 5632K, 0% used [0x00000000f8800000,0x00000000f8800000,0x00000000f8d80000)
  to   space 6144K, 0% used [0x00000000fad00000,0x00000000fad00000,0x00000000fb300000)
 ParOldGen       total 27648K, used 12074K [0x00000000e3a00000, 0x00000000e5500000, 0x00000000f6900000)
  object space 27648K, 43% used [0x00000000e3a00000,0x00000000e45ca820,0x00000000e5500000)
 Metaspace       used 20748K, capacity 21122K, committed 21296K, reserved 1069056K
  class space    used 2462K, capacity 2617K, committed 2688K, reserved 1048576K
}
Event: 7,579 GC heap before
{Heap before GC invocations=9 (full 1):
 PSYoungGen      total 37376K, used 31744K [0x00000000f6900000, 0x00000000fb300000, 0x0000000100000000)
  eden space 31744K, 100% used [0x00000000f6900000,0x00000000f8800000,0x00000000f8800000)
  from space 5632K, 0% used [0x00000000f8800000,0x00000000f8800000,0x00000000f8d80000)
  to   space 6144K, 0% used [0x00000000fad00000,0x00000000fad00000,0x00000000fb300000)
 ParOldGen       total 27648K, used 12074K [0x00000000e3a00000, 0x00000000e5500000, 0x00000000f6900000)
  object space 27648K, 43% used [0x00000000e3a00000,0x00000000e45ca820,0x00000000e5500000)
 Metaspace       used 23449K, capacity 23908K, committed 24064K, reserved 1071104K
  class space    used 2824K, capacity 2986K, committed 3072K, reserved 1048576K
Event: 7,628 GC heap after
Heap after GC invocations=9 (full 1):
 PSYoungGen      total 56832K, used 6133K [0x00000000f6900000, 0x00000000fb300000, 0x0000000100000000)
  eden space 50688K, 0% used [0x00000000f6900000,0x00000000f6900000,0x00000000f9a80000)
  from space 6144K, 99% used [0x00000000fad00000,0x00000000fb2fd4c8,0x00000000fb300000)
  to   space 7680K, 0% used [0x00000000fa400000,0x00000000fa400000,0x00000000fab80000)
 ParOldGen       total 27648K, used 12747K [0x00000000e3a00000, 0x00000000e5500000, 0x00000000f6900000)
  object space 27648K, 46% used [0x00000000e3a00000,0x00000000e4672dc0,0x00000000e5500000)
 Metaspace       used 23449K, capacity 23908K, committed 24064K, reserved 1071104K
  class space    used 2824K, capacity 2986K, committed 3072K, reserved 1048576K
}
Event: 18,984 GC heap before
{Heap before GC invocations=10 (full 1):
 PSYoungGen      total 56832K, used 56821K [0x00000000f6900000, 0x00000000fb300000, 0x0000000100000000)
  eden space 50688K, 100% used [0x00000000f6900000,0x00000000f9a80000,0x00000000f9a80000)
  from space 6144K, 99% used [0x00000000fad00000,0x00000000fb2fd4c8,0x00000000fb300000)
  to   space 7680K, 0% used [0x00000000fa400000,0x00000000fa400000,0x00000000fab80000)
 ParOldGen       total 27648K, used 12747K [0x00000000e3a00000, 0x00000000e5500000, 0x00000000f6900000)
  object space 27648K, 46% used [0x00000000e3a00000,0x00000000e4672dc0,0x00000000e5500000)
 Metaspace       used 31839K, capacity 32355K, committed 32640K, reserved 1077248K
  class space    used 4044K, capacity 4210K, committed 4224K, reserved 1048576K

